got cmd lines options 0x3
got cmd lines options 0x3
standard handle 0 is being closed
standard handle 1 is being closed
standard handle 2 is being closed
begin business logic
open sysfile returned 0 with errno 9
open device file returned 1 with errno 9
open outfile with return 2 with errno 9
sent 64 to driver
sent 64 to driver
sent 64 to driver
sent 64 to driver
sent 64 to driver
sent 64 to driver
sent 64 to driver
sent 64 to driver
sent 64 to driver
sent 64 to driver
sent 64 to driver
sent 64 to driver
sent 64 to driver
sent 64 to driver
sent 64 to driver
sent 64 to driver
sent 64 to driver
sent 64 to driver
sent 64 to driver
sent 64 to driver
sent 64 to driver
sent 64 to driver
sent 64 to driver
sent 64 to driver
sent 64 to driver
sent 64 to driver
sent 64 to driver
sent 64 to driver
sent 64 to driver
sent 64 to driver
sent 64 to driver
sent 64 to driver
sent 64 to driver
sent 64 to driver
sent 64 to driver
sent 64 to driver
sent 64 to driver
sent 64 to driver
sent 64 to driver
sent 64 to driver
sent 64 to driver
sent 64 to driver
sent 64 to driver
sent 64 to driver
sent 64 to driver
sent 64 to driver
sent 64 to driver
sent 64 to driver
sent 64 to driver
sent 64 to driver
sent 64 to driver
sent 64 to driver
sent 64 to driver
sent 64 to driver
sent 64 to driver
sent 64 to driver
sent 64 to driver
sent 64 to driver
sent 64 to driver
sent 64 to driver
sent 64 to driver
sent 64 to driver
sent 64 to driver
sent 64 to driver
sent 64 to driver
sent 64 to driver
sent 64 to driver
sent 64 to driver
sent 64 to driver
sent 64 to driver
sent 64 to driver
sent 64 to driver
sent 64 to driver
sent 64 to driver
sent 64 to driver
sent 64 to driver
sent 64 to driver
sent 64 to driver
sent 64 to driver
sent 64 to driver
sent 64 to driver
sent 64 to driver
sent 64 to driver
sent 64 to driver
sent 64 to driver
sent 64 to driver
sent 64 to driver
sent 64 to driver
sent 64 to driver
sent 64 to driver
sent 64 to driver
sent 64 to driver
sent 64 to driver
sent 64 to driver
sent 64 to driver
sent 64 to driver
sent 64 to driver
sent 64 to driver
sent 64 to driver
sent 64 to driver
sent 64 to driver
sent 64 to driver
sent 64 to driver
sent 64 to driver
sent 64 to driver
sent 64 to driver
sent 64 to driver
sent 64 to driver
sent 64 to driver
sent 64 to driver
sent 64 to driver
sent 64 to driver
sent 64 to driver
sent 64 to driver
sent 64 to driver
sent 64 to driver
sent 64 to driver
sent 64 to driver
sent 64 to driver
sent 64 to driver
sent 64 to driver
sent 64 to driver
sent 64 to driver
sent 64 to driver
sent 64 to driver
sent 64 to driver
sent 64 to driver
sent 64 to driver
sent 64 to driver
sent 64 to driver
sent 64 to driver
sent 64 to driver
sent 64 to driver
sent 64 to driver
sent 64 to driver
sent 64 to driver
sent 64 to driver
sent 64 to driver
sent 64 to driver
sent 64 to driver
sent 64 to driver
sent 64 to driver
sent 64 to driver
sent 64 to driver
sent 64 to driver
sent 64 to driver
sent 64 to driver
sent 64 to driver
sent 64 to driver
sent 64 to driver
sent 64 to driver
sent 64 to driver
sent 64 to driver
sent 64 to driver
sent 64 to driver
sent 64 to driver
sent 64 to driver
sent 64 to driver
sent 64 to driver
sent 64 to driver
sent 64 to driver
sent 64 to driver
sent 64 to driver
sent 64 to driver
sent 64 to driver
sent 64 to driver
sent 64 to driver
sent 64 to driver
sent 64 to driver
sent 64 to driver
sent 64 to driver
sent 64 to driver
sent 64 to driver
sent 64 to driver
sent 64 to driver
sent 64 to driver
sent 64 to driver
sent 64 to driver
sent 64 to driver
sent 64 to driver
sent 64 to driver
sent 64 to driver
sent 64 to driver
sent 64 to driver
sent 64 to driver
sent 64 to driver
sent 64 to driver
sent 64 to driver
sent 64 to driver
sent 64 to driver
sent 64 to driver
sent 64 to driver
sent 64 to driver
sent 64 to driver
sent 64 to driver
sent 64 to driver
sent 64 to driver
sent 64 to driver
sent 64 to driver
sent 64 to driver
sent 64 to driver
sent 64 to driver
sent 64 to driver
sent 64 to driver
sent 64 to driver
sent 64 to driver
sent 64 to driver
sent 64 to driver
sent 64 to driver
sent 64 to driver
sent 64 to driver
sent 64 to driver
sent 64 to dr